<?xml version="1.0" encoding="UTF-8"?>
<!-- Generated by org.testng.reporters.JUnitReportReporter -->
<testsuite hostname="LTIN624803" failures="0" tests="1" name="JavaTutorials.ParentClass1" time="0.031" errors="0" timestamp="2025-06-26T03:52:51 IST" skipped="0">
  <testcase classname="JavaTutorials.ParentClass1" name="testRun" time="0.031"/>
  <system-out/>
</testsuite> <!-- JavaTutorials.ParentClass1 -->
