<?xml version="1.0" encoding="UTF-8"?>
<!-- Generated by org.testng.reporters.JUnitReportReporter -->
<testsuite hostname="LTIN624803" failures="0" tests="3" name="RahulShettyAcademy.test.SubmitOrderTest" time="26.859" errors="0" timestamp="2025-04-18T02:16:45 IST" skipped="0">
  <testcase classname="RahulShettyAcademy.test.SubmitOrderTest" name="submitOrder" time="13.068"/>
  <testcase classname="RahulShettyAcademy.test.SubmitOrderTest" name="submitOrder" time="9.547"/>
  <testcase classname="RahulShettyAcademy.test.SubmitOrderTest" name="OrderHistoryTest" time="4.244"/>
</testsuite> <!-- RahulShettyAcademy.test.SubmitOrderTest -->
