<?xml version="1.0" encoding="UTF-8"?>
<!-- Generated by org.testng.reporters.JUnitReportReporter -->
<testsuite hostname="LTIN624803" failures="0" tests="2" name="RahulShettyAcademy.test.ErrorValidations" time="10.284" errors="0" timestamp="2025-03-12T05:15:41 IST" skipped="0">
  <testcase classname="RahulShettyAcademy.test.ErrorValidations" name="LoginErrorValidation" time="4.718"/>
  <testcase classname="RahulShettyAcademy.test.ErrorValidations" name="ProductErrorValidation" time="5.566"/>
</testsuite> <!-- RahulShettyAcademy.test.ErrorValidations -->
