<?xml version="1.0" encoding="UTF-8"?>
<!-- Generated by org.testng.reporters.JUnitReportReporter -->
<testsuite hostname="LTIN624803" failures="0" tests="2" name="RahulShettyAcademy.test.ErrorValidationsTest" time="21.901" errors="0" timestamp="2025-07-18T11:22:54 IST" skipped="0">
  <testcase classname="RahulShettyAcademy.test.ErrorValidationsTest" name="ProductErrorValidation" time="6.723"/>
  <testcase classname="RahulShettyAcademy.test.ErrorValidationsTest" name="LoginErrorValidation" time="15.178"/>
</testsuite> <!-- RahulShettyAcademy.test.ErrorValidationsTest -->
