<?xml version="1.0" encoding="UTF-8"?>
<!-- Generated by org.testng.reporters.JUnitReportReporter -->
<testsuite hostname="LTIN624803" failures="0" tests="3" name="RahulShettyAcademy.test.SubmitOrderTest" time="33.596" errors="0" timestamp="2025-07-18T11:22:54 IST" skipped="0">
  <testcase classname="RahulShettyAcademy.test.SubmitOrderTest" name="submitOrder" time="9.806"/>
  <testcase classname="RahulShettyAcademy.test.SubmitOrderTest" name="submitOrder" time="19.467"/>
  <testcase classname="RahulShettyAcademy.test.SubmitOrderTest" name="OrderHistoryTest" time="4.323"/>
</testsuite> <!-- RahulShettyAcademy.test.SubmitOrderTest -->
